<?xml version="1.0" encoding="UTF-8"?>
<!-- Generated by org.testng.reporters.JUnitXMLReporter -->
<testsuite ignored="0" hostname="DESKTOP-QTCI61E" failures="0" tests="3" name="TestRunner-chrome" time="122.776" errors="0" timestamp="2025-04-24T14:39:29 IST">
  <testcase classname="com.comcast.crm.contacttest.CreateContactTest" name="createContactTest" time="30.267"/>
  <testcase classname="com.comcast.crm.contacttest.CreateContactTest" name="createContactWithSupportDateTest" time="21.694"/>
  <testcase classname="com.comcast.crm.contacttest.CreateContactTest" name="createContactwithOrgTest" time="35.067"/>
</testsuite> <!-- TestRunner-chrome -->
