<?xml version="1.0" encoding="UTF-8"?>
<!-- Generated by org.testng.reporters.JUnitXMLReporter -->
<testsuite ignored="2" hostname="DESKTOP-QTCI61E" failures="0" tests="0" name="Test" time="37.805" errors="0" timestamp="2025-04-29T18:36:21 IST">
  <testcase classname="com.comcast.crm.contacttest.CreateContactTest" name="createContactwithOrgTest" time="0.0">
    <ignored/>
  </testcase> <!-- createContactwithOrgTest -->
  <testcase classname="com.comcast.crm.contacttest.CreateContactTest" name="createContactWithSupportDateTest" time="0.0">
    <ignored/>
  </testcase> <!-- createContactWithSupportDateTest -->
</testsuite> <!-- Test -->
